<<<<<<< Updated upstream
This is pdfTeX, Version 3.141592653-2.6-1.40.24 (MiKTeX 22.10) (preloaded format=pdflatex 2022.11.24)  27 JUN 2023 10:18
=======
This is pdfTeX, Version 3.141592653-2.6-1.40.24 (MiKTeX 22.10) (preloaded format=pdflatex 2022.11.24)  26 SEP 2023 09:29
>>>>>>> Stashed changes
entering extended mode
 restricted \write18 enabled.
 file:line:error style messages enabled.
 %&-line parsing enabled.
**"e:/Documents and stuff/Important Documents/CV/CV Eng/CV_Eng.tex"
(e:/Documents and stuff/Important Documents/CV/CV Eng/CV_Eng.tex
LaTeX2e <2022-06-01> patch level 5
L3 programming layer <2022-09-28> (C:\Users\91633\AppData\Local\Programs\MiKTeX\tex/latex/base\article.cls
Document Class: article 2021/10/04 v1.4n Standard LaTeX document class
(C:\Users\91633\AppData\Local\Programs\MiKTeX\tex/latex/base\size10.clo
File: size10.clo 2021/10/04 v1.4n Standard LaTeX file (size option)
)
\c@part=\count185
\c@section=\count186
\c@subsection=\count187
\c@subsubsection=\count188
\c@paragraph=\count189
\c@subparagraph=\count190
\c@figure=\count191
\c@table=\count192
\abovecaptionskip=\skip47
\belowcaptionskip=\skip48
\bibindent=\dimen138
) (C:\Users\91633\AppData\Local\Programs\MiKTeX\tex/latex/base\inputenc.sty
Package: inputenc 2021/02/14 v1.3d Input encoding file
\inpenc@prehook=\toks16
\inpenc@posthook=\toks17
) (C:\Users\91633\AppData\Local\Programs\MiKTeX\tex/latex/base\textcomp.sty
Package: textcomp 2020/02/02 v2.0n Standard LaTeX package
LaTeX Font Info:    Changing ? sub-encoding to TS1/0 on input line 78.
) (C:\Users\91633\AppData\Local\Programs\MiKTeX\tex/latex/cjk\CJKutf8.sty
Package: CJKutf8 2021/10/16 4.8.5
 (C:\Users\91633\AppData\Local\Programs\MiKTeX\tex/generic/iftex\ifpdf.sty
Package: ifpdf 2019/10/25 v3.4 ifpdf legacy package. Use iftex instead.
 (C:\Users\91633\AppData\Local\Programs\MiKTeX\tex/generic/iftex\iftex.sty
Package: iftex 2022/02/03 v1.0f TeX engine tests
)) (C:\Users\91633\AppData\Local\Programs\MiKTeX\tex/latex/cjk\CJK.sty
Package: CJK 2021/10/16 4.8.5
 (C:\Users\91633\AppData\Local\Programs\MiKTeX\tex/latex/cjk/mule\MULEenc.sty
Package: MULEenc 2021/10/16 4.8.5
) (C:\Users\91633\AppData\Local\Programs\MiKTeX\tex/latex/cjk\CJK.enc
File: CJK.enc 2021/10/16 4.8.5
Now handling font encoding C00 ...
... no UTF-8 mapping file for font encoding C00
Now handling font encoding C05 ...
... no UTF-8 mapping file for font encoding C05
Now handling font encoding C09 ...
... no UTF-8 mapping file for font encoding C09
Now handling font encoding C10 ...
... no UTF-8 mapping file for font encoding C10
Now handling font encoding C20 ...
... no UTF-8 mapping file for font encoding C20
Now handling font encoding C19 ...
... no UTF-8 mapping file for font encoding C19
Now handling font encoding C40 ...
... no UTF-8 mapping file for font encoding C40
Now handling font encoding C42 ...
... no UTF-8 mapping file for font encoding C42
Now handling font encoding C43 ...
... no UTF-8 mapping file for font encoding C43
Now handling font encoding C50 ...
... no UTF-8 mapping file for font encoding C50
Now handling font encoding C52 ...
... no UTF-8 mapping file for font encoding C52
Now handling font encoding C49 ...
... no UTF-8 mapping file for font encoding C49
Now handling font encoding C60 ...
... no UTF-8 mapping file for font encoding C60
Now handling font encoding C61 ...
... no UTF-8 mapping file for font encoding C61
Now handling font encoding C63 ...
... no UTF-8 mapping file for font encoding C63
Now handling font encoding C64 ...
... no UTF-8 mapping file for font encoding C64
Now handling font encoding C65 ...
... no UTF-8 mapping file for font encoding C65
Now handling font encoding C70 ...
... no UTF-8 mapping file for font encoding C70
Now handling font encoding C31 ...
... no UTF-8 mapping file for font encoding C31
Now handling font encoding C32 ...
... no UTF-8 mapping file for font encoding C32
Now handling font encoding C33 ...
... no UTF-8 mapping file for font encoding C33
Now handling font encoding C34 ...
... no UTF-8 mapping file for font encoding C34
Now handling font encoding C35 ...
... no UTF-8 mapping file for font encoding C35
Now handling font encoding C36 ...
... no UTF-8 mapping file for font encoding C36
Now handling font encoding C37 ...
... no UTF-8 mapping file for font encoding C37
Now handling font encoding C80 ...
... no UTF-8 mapping file for font encoding C80
Now handling font encoding C81 ...
... no UTF-8 mapping file for font encoding C81
Now handling font encoding C01 ...
... no UTF-8 mapping file for font encoding C01
Now handling font encoding C11 ...
... no UTF-8 mapping file for font encoding C11
Now handling font encoding C21 ...
... no UTF-8 mapping file for font encoding C21
Now handling font encoding C41 ...
... no UTF-8 mapping file for font encoding C41
Now handling font encoding C62 ...
... no UTF-8 mapping file for font encoding C62
)
\CJK@indent=\box51
) (C:\Users\91633\AppData\Local\Programs\MiKTeX\tex/latex/base\fontenc.sty
Package: fontenc 2021/04/29 v2.0v Standard LaTeX package
)) (C:\Users\91633\AppData\Local\Programs\MiKTeX\tex/latex/ebgaramond\ebgaramond.sty
Package: ebgaramond 2022/09/10 (Bob Tennent and autoinst) Style file for EB Garamond fonts.
 (C:\Users\91633\AppData\Local\Programs\MiKTeX\tex/generic/iftex\ifxetex.sty
Package: ifxetex 2019/10/25 v0.7 ifxetex legacy package. Use iftex instead.
) (C:\Users\91633\AppData\Local\Programs\MiKTeX\tex/generic/iftex\ifluatex.sty
Package: ifluatex 2019/10/25 v1.5 ifluatex legacy package. Use iftex instead.
) (C:\Users\91633\AppData\Local\Programs\MiKTeX\tex/latex/xkeyval\xkeyval.sty
Package: xkeyval 2022/06/16 v2.9 package option processing (HA)
 (C:\Users\91633\AppData\Local\Programs\MiKTeX\tex/generic/xkeyval\xkeyval.tex (C:\Users\91633\AppData\Local\Programs\MiKTeX\tex/generic/xkeyval\xkvutils.tex
\XKV@toks=\toks18
\XKV@tempa@toks=\toks19
 (C:\Users\91633\AppData\Local\Programs\MiKTeX\tex/generic/xkeyval\keyval.tex))
\XKV@depth=\count193
File: xkeyval.tex 2014/12/03 v2.7a key=value parser (HA)
)) (C:\Users\91633\AppData\Local\Programs\MiKTeX\tex/latex/base\fontenc.sty
Package: fontenc 2021/04/29 v2.0v Standard LaTeX package
) (C:\Users\91633\AppData\Local\Programs\MiKTeX\tex/latex/fontaxes\fontaxes.sty
Package: fontaxes 2020/07/21 v1.0e Font selection axes
LaTeX Info: Redefining \upshape on input line 29.
LaTeX Info: Redefining \itshape on input line 31.
LaTeX Info: Redefining \slshape on input line 33.
LaTeX Info: Redefining \swshape on input line 35.
LaTeX Info: Redefining \scshape on input line 37.
LaTeX Info: Redefining \sscshape on input line 39.
LaTeX Info: Redefining \ulcshape on input line 41.
LaTeX Info: Redefining \textsw on input line 47.
LaTeX Info: Redefining \textssc on input line 48.
LaTeX Info: Redefining \textulc on input line 49.
)
LaTeX Info: Redefining \oldstylenums on input line 161.
LaTeX Info: Redefining \textsw on input line 169.
) (C:\Users\91633\AppData\Local\Programs\MiKTeX\tex/latex/base\fontenc.sty
Package: fontenc 2021/04/29 v2.0v Standard LaTeX package
LaTeX Font Info:    Trying to load font information for T1+EBGaramond-LF on input line 112.
 (C:\Users\91633\AppData\Local\Programs\MiKTeX\tex/latex/ebgaramond\t1ebgaramond-lf.fd
File: T1EBGaramond-LF.fd 2019/10/22 (autoinst) Font definitions for T1/EBGaramond-LF.
)
LaTeX Font Info:    Font shape `T1/EBGaramond-LF/m/n' in size <10> not available
(Font)              Font shape `T1/EBGaramond-LF/regular/n' tried instead on input line 112.
LaTeX Font Info:    Font shape `T1/EBGaramond-LF/regular/n' will be
(Font)              scaled to size 10.0pt on input line 112.
) (C:\Users\91633\AppData\Local\Programs\MiKTeX\tex/latex/enumitem\enumitem.sty
Package: enumitem 2019/06/20 v3.9 Customized lists
\enitkv@toks@=\toks20
\labelindent=\skip49
\enit@outerparindent=\dimen139
\enit@toks=\toks21
\enit@inbox=\box52
\enit@count@id=\count194
\enitdp@description=\count195
) (C:\Users\91633\AppData\Local\Programs\MiKTeX\tex/latex/geometry\geometry.sty
Package: geometry 2020/01/02 v5.9 Page Geometry
 (C:\Users\91633\AppData\Local\Programs\MiKTeX\tex/generic/iftex\ifvtex.sty
Package: ifvtex 2019/10/25 v1.7 ifvtex legacy package. Use iftex instead.
)
\Gm@cnth=\count196
\Gm@cntv=\count197
\c@Gm@tempcnt=\count198
\Gm@bindingoffset=\dimen140
\Gm@wd@mp=\dimen141
\Gm@odd@mp=\dimen142
\Gm@even@mp=\dimen143
\Gm@layoutwidth=\dimen144
\Gm@layoutheight=\dimen145
\Gm@layouthoffset=\dimen146
\Gm@layoutvoffset=\dimen147
\Gm@dimlist=\toks22
 (C:\Users\91633\AppData\Local\Programs\MiKTeX\tex/latex/geometry\geometry.cfg)) (C:\Users\91633\AppData\Local\Programs\MiKTeX\tex/latex/url\url.sty
\Urlmuskip=\muskip16
Package: url 2013/09/16  ver 3.4  Verb mode for urls, etc.
) (C:\Users\91633\AppData\Local\Programs\MiKTeX\tex/latex/xcolor\xcolor.sty
Package: xcolor 2022/06/12 v2.14 LaTeX color extensions (UK)
 (C:\Users\91633\AppData\Local\Programs\MiKTeX\tex/latex/graphics-cfg\color.cfg
File: color.cfg 2016/01/02 v1.6 sample color configuration
)
Package xcolor Info: Driver file: pdftex.def on input line 227.
 (C:\Users\91633\AppData\Local\Programs\MiKTeX\tex/latex/graphics-def\pdftex.def
File: pdftex.def 2022/09/22 v1.2b Graphics/color driver for pdftex
\stockwidth=\dimen148
\stockheight=\dimen149
) (C:\Users\91633\AppData\Local\Programs\MiKTeX\tex/latex/graphics\mathcolor.ltx)
Package xcolor Info: Model `cmy' substituted by `cmy0' on input line 1353.
Package xcolor Info: Model `hsb' substituted by `rgb' on input line 1357.
Package xcolor Info: Model `RGB' extended on input line 1369.
Package xcolor Info: Model `HTML' substituted by `rgb' on input line 1371.
Package xcolor Info: Model `Hsb' substituted by `hsb' on input line 1372.
Package xcolor Info: Model `tHsb' substituted by `hsb' on input line 1373.
Package xcolor Info: Model `HSB' substituted by `hsb' on input line 1374.
Package xcolor Info: Model `Gray' substituted by `gray' on input line 1375.
Package xcolor Info: Model `wave' substituted by `hsb' on input line 1376.
 (C:\Users\91633\AppData\Local\Programs\MiKTeX\tex/latex/graphics\dvipsnam.def
File: dvipsnam.def 2016/06/17 v3.0m Driver-dependent file (DPC,SPQR)
)) (C:\Users\91633\AppData\Local\Programs\MiKTeX\tex/latex/amsmath\amsmath.sty
Package: amsmath 2022/04/08 v2.17n AMS math features
\@mathmargin=\skip50

For additional information on amsmath, use the `?' option.
(C:\Users\91633\AppData\Local\Programs\MiKTeX\tex/latex/amsmath\amstext.sty
Package: amstext 2021/08/26 v2.01 AMS text
 (C:\Users\91633\AppData\Local\Programs\MiKTeX\tex/latex/amsmath\amsgen.sty
File: amsgen.sty 1999/11/30 v2.0 generic functions
\@emptytoks=\toks23
\ex@=\dimen150
)) (C:\Users\91633\AppData\Local\Programs\MiKTeX\tex/latex/amsmath\amsbsy.sty
Package: amsbsy 1999/11/29 v1.2d Bold Symbols
\pmbraise@=\dimen151
) (C:\Users\91633\AppData\Local\Programs\MiKTeX\tex/latex/amsmath\amsopn.sty
Package: amsopn 2022/04/08 v2.04 operator names
)
\inf@bad=\count199
LaTeX Info: Redefining \frac on input line 234.
\uproot@=\count266
\leftroot@=\count267
LaTeX Info: Redefining \overline on input line 399.
LaTeX Info: Redefining \colon on input line 410.
\classnum@=\count268
\DOTSCASE@=\count269
LaTeX Info: Redefining \ldots on input line 496.
LaTeX Info: Redefining \dots on input line 499.
LaTeX Info: Redefining \cdots on input line 620.
\Mathstrutbox@=\box53
\strutbox@=\box54
LaTeX Info: Redefining \big on input line 722.
LaTeX Info: Redefining \Big on input line 723.
LaTeX Info: Redefining \bigg on input line 724.
LaTeX Info: Redefining \Bigg on input line 725.
\big@size=\dimen152
LaTeX Font Info:    Redeclaring font encoding OML on input line 743.
LaTeX Font Info:    Redeclaring font encoding OMS on input line 744.
\macc@depth=\count270
LaTeX Info: Redefining \bmod on input line 905.
LaTeX Info: Redefining \pmod on input line 910.
LaTeX Info: Redefining \smash on input line 940.
LaTeX Info: Redefining \relbar on input line 970.
LaTeX Info: Redefining \Relbar on input line 971.
\c@MaxMatrixCols=\count271
\dotsspace@=\muskip17
\c@parentequation=\count272
\dspbrk@lvl=\count273
\tag@help=\toks24
\row@=\count274
\column@=\count275
\maxfields@=\count276
\andhelp@=\toks25
\eqnshift@=\dimen153
\alignsep@=\dimen154
\tagshift@=\dimen155
\tagwidth@=\dimen156
\totwidth@=\dimen157
\lineht@=\dimen158
\@envbody=\toks26
\multlinegap=\skip51
\multlinetaggap=\skip52
\mathdisplay@stack=\toks27
LaTeX Info: Redefining \[ on input line 2953.
LaTeX Info: Redefining \] on input line 2954.
) (C:\Users\91633\AppData\Local\Programs\MiKTeX\tex/latex/hyperref\hyperref.sty
Package: hyperref 2022-09-22 v7.00t Hypertext links for LaTeX
 (C:\Users\91633\AppData\Local\Programs\MiKTeX\tex/generic/ltxcmds\ltxcmds.sty
Package: ltxcmds 2020-05-10 v1.25 LaTeX kernel commands for general use (HO)
) (C:\Users\91633\AppData\Local\Programs\MiKTeX\tex/generic/pdftexcmds\pdftexcmds.sty
Package: pdftexcmds 2020-06-27 v0.33 Utility functions of pdfTeX for LuaTeX (HO)
 (C:\Users\91633\AppData\Local\Programs\MiKTeX\tex/generic/infwarerr\infwarerr.sty
Package: infwarerr 2019/12/03 v1.5 Providing info/warning/error messages (HO)
)
Package pdftexcmds Info: \pdf@primitive is available.
Package pdftexcmds Info: \pdf@ifprimitive is available.
Package pdftexcmds Info: \pdfdraftmode found.
) (C:\Users\91633\AppData\Local\Programs\MiKTeX\tex/latex/kvsetkeys\kvsetkeys.sty
Package: kvsetkeys 2022-10-05 v1.19 Key value parser (HO)
) (C:\Users\91633\AppData\Local\Programs\MiKTeX\tex/generic/kvdefinekeys\kvdefinekeys.sty
Package: kvdefinekeys 2019-12-19 v1.6 Define keys (HO)
) (C:\Users\91633\AppData\Local\Programs\MiKTeX\tex/generic/pdfescape\pdfescape.sty
Package: pdfescape 2019/12/09 v1.15 Implements pdfTeX's escape features (HO)
) (C:\Users\91633\AppData\Local\Programs\MiKTeX\tex/latex/hycolor\hycolor.sty
Package: hycolor 2020-01-27 v1.10 Color options for hyperref/bookmark (HO)
) (C:\Users\91633\AppData\Local\Programs\MiKTeX\tex/latex/letltxmacro\letltxmacro.sty
Package: letltxmacro 2019/12/03 v1.6 Let assignment for LaTeX macros (HO)
) (C:\Users\91633\AppData\Local\Programs\MiKTeX\tex/latex/auxhook\auxhook.sty
Package: auxhook 2019-12-17 v1.6 Hooks for auxiliary files (HO)
) (C:\Users\91633\AppData\Local\Programs\MiKTeX\tex/latex/hyperref\nameref.sty
Package: nameref 2022-05-17 v2.50 Cross-referencing by name of section
 (C:\Users\91633\AppData\Local\Programs\MiKTeX\tex/latex/refcount\refcount.sty
Package: refcount 2019/12/15 v3.6 Data extraction from label references (HO)
) (C:\Users\91633\AppData\Local\Programs\MiKTeX\tex/generic/gettitlestring\gettitlestring.sty
Package: gettitlestring 2019/12/15 v1.6 Cleanup title references (HO)
 (C:\Users\91633\AppData\Local\Programs\MiKTeX\tex/latex/kvoptions\kvoptions.sty
Package: kvoptions 2022-06-15 v3.15 Key value format for package options (HO)
))
\c@section@level=\count277
)
\@linkdim=\dimen159
\Hy@linkcounter=\count278
\Hy@pagecounter=\count279
 (C:\Users\91633\AppData\Local\Programs\MiKTeX\tex/latex/hyperref\pd1enc.def
File: pd1enc.def 2022-09-22 v7.00t Hyperref: PDFDocEncoding definition (HO)
Now handling font encoding PD1 ...
... no UTF-8 mapping file for font encoding PD1
) (C:\Users\91633\AppData\Local\Programs\MiKTeX\tex/generic/intcalc\intcalc.sty
Package: intcalc 2019/12/15 v1.3 Expandable calculations with integers (HO)
) (C:\Users\91633\AppData\Local\Programs\MiKTeX\tex/generic/etexcmds\etexcmds.sty
Package: etexcmds 2019/12/15 v1.7 Avoid name clashes with e-TeX commands (HO)
)
\Hy@SavedSpaceFactor=\count280
 (C:\Users\91633\AppData\Local\Programs\MiKTeX\tex/latex/hyperref\puenc.def
File: puenc.def 2022-09-22 v7.00t Hyperref: PDF Unicode definition (HO)
Now handling font encoding PU ...
... no UTF-8 mapping file for font encoding PU
)
Package hyperref Info: Option `pdfnewwindow' set `true' on input line 4045.
Package hyperref Info: Hyper figures OFF on input line 4162.
Package hyperref Info: Link nesting OFF on input line 4167.
Package hyperref Info: Hyper index ON on input line 4170.
Package hyperref Info: Plain pages OFF on input line 4177.
Package hyperref Info: Backreferencing OFF on input line 4182.
Package hyperref Info: Implicit mode ON; LaTeX internals redefined.
Package hyperref Info: Bookmarks ON on input line 4410.
\c@Hy@tempcnt=\count281
LaTeX Info: Redefining \url on input line 4748.
\XeTeXLinkMargin=\dimen160
 (C:\Users\91633\AppData\Local\Programs\MiKTeX\tex/generic/bitset\bitset.sty
Package: bitset 2019/12/09 v1.3 Handle bit-vector datatype (HO)
 (C:\Users\91633\AppData\Local\Programs\MiKTeX\tex/generic/bigintcalc\bigintcalc.sty
Package: bigintcalc 2019/12/15 v1.5 Expandable calculations on big integers (HO)
))
\Fld@menulength=\count282
\Field@Width=\dimen161
\Fld@charsize=\dimen162
Package hyperref Info: Hyper figures OFF on input line 6027.
Package hyperref Info: Link nesting OFF on input line 6032.
Package hyperref Info: Hyper index ON on input line 6035.
Package hyperref Info: backreferencing OFF on input line 6042.
Package hyperref Info: Link coloring OFF on input line 6047.
Package hyperref Info: Link coloring with OCG OFF on input line 6052.
Package hyperref Info: PDF/A mode OFF on input line 6057.
 (C:\Users\91633\AppData\Local\Programs\MiKTeX\tex/latex/base\atbegshi-ltx.sty
Package: atbegshi-ltx 2021/01/10 v1.0c Emulation of the original atbegshi
package with kernel methods
)
\Hy@abspage=\count283
\c@Item=\count284
\c@Hfootnote=\count285
)
Package hyperref Info: Driver (autodetected): hpdftex.
 (C:\Users\91633\AppData\Local\Programs\MiKTeX\tex/latex/hyperref\hpdftex.def
File: hpdftex.def 2022-09-22 v7.00t Hyperref driver for pdfTeX
 (C:\Users\91633\AppData\Local\Programs\MiKTeX\tex/latex/base\atveryend-ltx.sty
Package: atveryend-ltx 2020/08/19 v1.0a Emulation of the original atveryend package
with kernel methods
)
\Fld@listcount=\count286
\c@bookmark@seq@number=\count287
 (C:\Users\91633\AppData\Local\Programs\MiKTeX\tex/latex/rerunfilecheck\rerunfilecheck.sty
Package: rerunfilecheck 2022-07-10 v1.10 Rerun checks for auxiliary files (HO)
 (C:\Users\91633\AppData\Local\Programs\MiKTeX\tex/generic/uniquecounter\uniquecounter.sty
Package: uniquecounter 2019/12/15 v1.4 Provide unlimited unique counter (HO)
)
Package uniquecounter Info: New unique counter `rerunfilecheck' on input line 285.
)
\Hy@SectionHShift=\skip53
) (C:\Users\91633\AppData\Local\Programs\MiKTeX\tex/latex/l3backend\l3backend-pdftex.def
File: l3backend-pdftex.def 2022-09-28 L3 backend support: PDF output (pdfTeX)
\l__color_backend_stack_int=\count288
\l__pdf_internal_box=\box55
) (CV_Eng.aux)
\openout1 = `CV_Eng.aux'.

<<<<<<< Updated upstream
LaTeX Font Info:    Checking defaults for OML/cmm/m/it on input line 35.
LaTeX Font Info:    ... okay on input line 35.
LaTeX Font Info:    Checking defaults for OMS/cmsy/m/n on input line 35.
LaTeX Font Info:    ... okay on input line 35.
LaTeX Font Info:    Checking defaults for OT1/cmr/m/n on input line 35.
LaTeX Font Info:    ... okay on input line 35.
LaTeX Font Info:    Checking defaults for T1/cmr/m/n on input line 35.
LaTeX Font Info:    ... okay on input line 35.
LaTeX Font Info:    Checking defaults for TS1/cmr/m/n on input line 35.
LaTeX Font Info:    ... okay on input line 35.
LaTeX Font Info:    Checking defaults for OMX/cmex/m/n on input line 35.
LaTeX Font Info:    ... okay on input line 35.
LaTeX Font Info:    Checking defaults for U/cmr/m/n on input line 35.
LaTeX Font Info:    ... okay on input line 35.
LaTeX Font Info:    Checking defaults for C00/song/m/n on input line 35.
LaTeX Font Info:    ... okay on input line 35.
LaTeX Font Info:    Checking defaults for C05/song/m/n on input line 35.
LaTeX Font Info:    ... okay on input line 35.
LaTeX Font Info:    Checking defaults for C09/song/m/n on input line 35.
LaTeX Font Info:    ... okay on input line 35.
LaTeX Font Info:    Checking defaults for C10/song/m/n on input line 35.
LaTeX Font Info:    ... okay on input line 35.
LaTeX Font Info:    Checking defaults for C20/song/m/n on input line 35.
LaTeX Font Info:    ... okay on input line 35.
LaTeX Font Info:    Checking defaults for C19/song/m/n on input line 35.
LaTeX Font Info:    ... okay on input line 35.
LaTeX Font Info:    Checking defaults for C40/song/m/n on input line 35.
LaTeX Font Info:    ... okay on input line 35.
LaTeX Font Info:    Checking defaults for C42/song/m/n on input line 35.
LaTeX Font Info:    ... okay on input line 35.
LaTeX Font Info:    Checking defaults for C43/song/m/n on input line 35.
LaTeX Font Info:    ... okay on input line 35.
LaTeX Font Info:    Checking defaults for C50/song/m/n on input line 35.
LaTeX Font Info:    ... okay on input line 35.
LaTeX Font Info:    Checking defaults for C52/song/m/n on input line 35.
LaTeX Font Info:    ... okay on input line 35.
LaTeX Font Info:    Checking defaults for C49/song/m/n on input line 35.
LaTeX Font Info:    ... okay on input line 35.
LaTeX Font Info:    Checking defaults for C60/mj/m/n on input line 35.
LaTeX Font Info:    ... okay on input line 35.
LaTeX Font Info:    Checking defaults for C61/mj/m/n on input line 35.
LaTeX Font Info:    ... okay on input line 35.
LaTeX Font Info:    Checking defaults for C63/mj/m/n on input line 35.
LaTeX Font Info:    ... okay on input line 35.
LaTeX Font Info:    Checking defaults for C64/mj/m/n on input line 35.
LaTeX Font Info:    ... okay on input line 35.
LaTeX Font Info:    Checking defaults for C65/mj/m/n on input line 35.
LaTeX Font Info:    ... okay on input line 35.
LaTeX Font Info:    Checking defaults for C70/song/m/n on input line 35.
LaTeX Font Info:    ... okay on input line 35.
LaTeX Font Info:    Checking defaults for C31/song/m/n on input line 35.
LaTeX Font Info:    ... okay on input line 35.
LaTeX Font Info:    Checking defaults for C32/song/m/n on input line 35.
LaTeX Font Info:    ... okay on input line 35.
LaTeX Font Info:    Checking defaults for C33/song/m/n on input line 35.
LaTeX Font Info:    ... okay on input line 35.
LaTeX Font Info:    Checking defaults for C34/song/m/n on input line 35.
LaTeX Font Info:    ... okay on input line 35.
LaTeX Font Info:    Checking defaults for C35/song/m/n on input line 35.
LaTeX Font Info:    ... okay on input line 35.
LaTeX Font Info:    Checking defaults for C36/song/m/n on input line 35.
LaTeX Font Info:    ... okay on input line 35.
LaTeX Font Info:    Checking defaults for C37/song/m/n on input line 35.
LaTeX Font Info:    ... okay on input line 35.
LaTeX Font Info:    Checking defaults for C80/song/m/n on input line 35.
LaTeX Font Info:    ... okay on input line 35.
LaTeX Font Info:    Checking defaults for C81/song/m/n on input line 35.
LaTeX Font Info:    ... okay on input line 35.
LaTeX Font Info:    Checking defaults for C01/song/m/n on input line 35.
LaTeX Font Info:    ... okay on input line 35.
LaTeX Font Info:    Checking defaults for C11/song/m/n on input line 35.
LaTeX Font Info:    ... okay on input line 35.
LaTeX Font Info:    Checking defaults for C21/song/m/n on input line 35.
LaTeX Font Info:    ... okay on input line 35.
LaTeX Font Info:    Checking defaults for C41/song/m/n on input line 35.
LaTeX Font Info:    ... okay on input line 35.
LaTeX Font Info:    Checking defaults for C62/song/m/n on input line 35.
LaTeX Font Info:    ... okay on input line 35.
LaTeX Font Info:    Checking defaults for PD1/pdf/m/n on input line 35.
LaTeX Font Info:    ... okay on input line 35.
LaTeX Font Info:    Checking defaults for PU/pdf/m/n on input line 35.
LaTeX Font Info:    ... okay on input line 35.
=======
LaTeX Font Info:    Checking defaults for OML/cmm/m/it on input line 37.
LaTeX Font Info:    ... okay on input line 37.
LaTeX Font Info:    Checking defaults for OMS/cmsy/m/n on input line 37.
LaTeX Font Info:    ... okay on input line 37.
LaTeX Font Info:    Checking defaults for OT1/cmr/m/n on input line 37.
LaTeX Font Info:    ... okay on input line 37.
LaTeX Font Info:    Checking defaults for T1/cmr/m/n on input line 37.
LaTeX Font Info:    ... okay on input line 37.
LaTeX Font Info:    Checking defaults for TS1/cmr/m/n on input line 37.
LaTeX Font Info:    ... okay on input line 37.
LaTeX Font Info:    Checking defaults for OMX/cmex/m/n on input line 37.
LaTeX Font Info:    ... okay on input line 37.
LaTeX Font Info:    Checking defaults for U/cmr/m/n on input line 37.
LaTeX Font Info:    ... okay on input line 37.
LaTeX Font Info:    Checking defaults for C00/song/m/n on input line 37.
LaTeX Font Info:    ... okay on input line 37.
LaTeX Font Info:    Checking defaults for C05/song/m/n on input line 37.
LaTeX Font Info:    ... okay on input line 37.
LaTeX Font Info:    Checking defaults for C09/song/m/n on input line 37.
LaTeX Font Info:    ... okay on input line 37.
LaTeX Font Info:    Checking defaults for C10/song/m/n on input line 37.
LaTeX Font Info:    ... okay on input line 37.
LaTeX Font Info:    Checking defaults for C20/song/m/n on input line 37.
LaTeX Font Info:    ... okay on input line 37.
LaTeX Font Info:    Checking defaults for C19/song/m/n on input line 37.
LaTeX Font Info:    ... okay on input line 37.
LaTeX Font Info:    Checking defaults for C40/song/m/n on input line 37.
LaTeX Font Info:    ... okay on input line 37.
LaTeX Font Info:    Checking defaults for C42/song/m/n on input line 37.
LaTeX Font Info:    ... okay on input line 37.
LaTeX Font Info:    Checking defaults for C43/song/m/n on input line 37.
LaTeX Font Info:    ... okay on input line 37.
LaTeX Font Info:    Checking defaults for C50/song/m/n on input line 37.
LaTeX Font Info:    ... okay on input line 37.
LaTeX Font Info:    Checking defaults for C52/song/m/n on input line 37.
LaTeX Font Info:    ... okay on input line 37.
LaTeX Font Info:    Checking defaults for C49/song/m/n on input line 37.
LaTeX Font Info:    ... okay on input line 37.
LaTeX Font Info:    Checking defaults for C60/mj/m/n on input line 37.
LaTeX Font Info:    ... okay on input line 37.
LaTeX Font Info:    Checking defaults for C61/mj/m/n on input line 37.
LaTeX Font Info:    ... okay on input line 37.
LaTeX Font Info:    Checking defaults for C63/mj/m/n on input line 37.
LaTeX Font Info:    ... okay on input line 37.
LaTeX Font Info:    Checking defaults for C64/mj/m/n on input line 37.
LaTeX Font Info:    ... okay on input line 37.
LaTeX Font Info:    Checking defaults for C65/mj/m/n on input line 37.
LaTeX Font Info:    ... okay on input line 37.
LaTeX Font Info:    Checking defaults for C70/song/m/n on input line 37.
LaTeX Font Info:    ... okay on input line 37.
LaTeX Font Info:    Checking defaults for C31/song/m/n on input line 37.
LaTeX Font Info:    ... okay on input line 37.
LaTeX Font Info:    Checking defaults for C32/song/m/n on input line 37.
LaTeX Font Info:    ... okay on input line 37.
LaTeX Font Info:    Checking defaults for C33/song/m/n on input line 37.
LaTeX Font Info:    ... okay on input line 37.
LaTeX Font Info:    Checking defaults for C34/song/m/n on input line 37.
LaTeX Font Info:    ... okay on input line 37.
LaTeX Font Info:    Checking defaults for C35/song/m/n on input line 37.
LaTeX Font Info:    ... okay on input line 37.
LaTeX Font Info:    Checking defaults for C36/song/m/n on input line 37.
LaTeX Font Info:    ... okay on input line 37.
LaTeX Font Info:    Checking defaults for C37/song/m/n on input line 37.
LaTeX Font Info:    ... okay on input line 37.
LaTeX Font Info:    Checking defaults for C80/song/m/n on input line 37.
LaTeX Font Info:    ... okay on input line 37.
LaTeX Font Info:    Checking defaults for C81/song/m/n on input line 37.
LaTeX Font Info:    ... okay on input line 37.
LaTeX Font Info:    Checking defaults for C01/song/m/n on input line 37.
LaTeX Font Info:    ... okay on input line 37.
LaTeX Font Info:    Checking defaults for C11/song/m/n on input line 37.
LaTeX Font Info:    ... okay on input line 37.
LaTeX Font Info:    Checking defaults for C21/song/m/n on input line 37.
LaTeX Font Info:    ... okay on input line 37.
LaTeX Font Info:    Checking defaults for C41/song/m/n on input line 37.
LaTeX Font Info:    ... okay on input line 37.
LaTeX Font Info:    Checking defaults for C62/song/m/n on input line 37.
LaTeX Font Info:    ... okay on input line 37.
LaTeX Font Info:    Checking defaults for PD1/pdf/m/n on input line 37.
LaTeX Font Info:    ... okay on input line 37.
LaTeX Font Info:    Checking defaults for PU/pdf/m/n on input line 37.
LaTeX Font Info:    ... okay on input line 37.
>>>>>>> Stashed changes
\c@mv@tabular=\count289
\c@mv@boldtabular=\count290

*geometry* driver: auto-detecting
*geometry* detected driver: pdftex
*geometry* verbose mode - [ preamble ] result:
* driver: pdftex
* paper: a4paper
* layout: <same size as paper>
* layoutoffset:(h,v)=(0.0pt,0.0pt)
* modes: 
<<<<<<< Updated upstream
* h-part:(L,W,R)=(65.04256pt, 467.42276pt, 65.04256pt)
* v-part:(T,H,B)=(72.26999pt, 700.50687pt, 72.26999pt)
* \paperwidth=597.50787pt
* \paperheight=845.04684pt
* \textwidth=467.42276pt
* \textheight=700.50687pt
* \oddsidemargin=-7.22743pt
* \evensidemargin=-7.22743pt
* \topmargin=-37.0pt
=======
* h-part:(L,W,R)=(36.135pt, 525.23788pt, 36.135pt)
* v-part:(T,H,B)=(54.2025pt, 772.77686pt, 18.06749pt)
* \paperwidth=597.50787pt
* \paperheight=845.04684pt
* \textwidth=525.23788pt
* \textheight=772.77686pt
* \oddsidemargin=-36.135pt
* \evensidemargin=-36.135pt
* \topmargin=-55.06749pt
>>>>>>> Stashed changes
* \headheight=12.0pt
* \headsep=25.0pt
* \topskip=10.0pt
* \footskip=30.0pt
* \marginparwidth=65.0pt
* \marginparsep=11.0pt
* \columnsep=10.0pt
* \skip\footins=9.0pt plus 4.0pt minus 2.0pt
* \hoffset=0.0pt
* \voffset=0.0pt
* \mag=1000
* \@twocolumnfalse
* \@twosidefalse
* \@mparswitchfalse
* \@reversemarginfalse
* (1in=72.27pt=25.4mm, 1cm=28.453pt)

(C:\Users\91633\AppData\Local\Programs\MiKTeX\tex/context/base/mkii\supp-pdf.mkii
[Loading MPS to PDF converter (version 2006.09.02).]
\scratchcounter=\count291
\scratchdimen=\dimen163
\scratchbox=\box56
\nofMPsegments=\count292
\nofMParguments=\count293
\everyMPshowfont=\toks28
\MPscratchCnt=\count294
\MPscratchDim=\dimen164
\MPnumerator=\count295
\makeMPintoPDFobject=\count296
\everyMPtoPDFconversion=\toks29
)
<<<<<<< Updated upstream
Package hyperref Info: Link coloring OFF on input line 35.
 (CV_Eng.out) (CV_Eng.out)
=======
Package hyperref Info: Link coloring ON on input line 37.
>>>>>>> Stashed changes
\@outlinefile=\write3
\openout3 = `CV_Eng.out'.

LaTeX Font Info:    Font shape `T1/EBGaramond-LF/m/n' in size <24.88> not available
<<<<<<< Updated upstream
(Font)              Font shape `T1/EBGaramond-LF/regular/n' tried instead on input line 39.
LaTeX Font Info:    Font shape `T1/EBGaramond-LF/regular/n' will be
(Font)              scaled to size 24.88pt on input line 39.
LaTeX Font Info:    Font shape `T1/EBGaramond-LF/b/n' in size <24.88> not available
(Font)              Font shape `T1/EBGaramond-LF/bold/n' tried instead on input line 41.
LaTeX Font Info:    Font shape `T1/EBGaramond-LF/bold/n' will be
(Font)              scaled to size 24.88pt on input line 41.
LaTeX Font Info:    Trying to load font information for T1+cmtt on input line 52.
=======
(Font)              Font shape `T1/EBGaramond-LF/regular/n' tried instead on input line 41.
LaTeX Font Info:    Font shape `T1/EBGaramond-LF/regular/n' will be
(Font)              scaled to size 24.88pt on input line 41.
LaTeX Font Info:    Font shape `T1/EBGaramond-LF/b/n' in size <24.88> not available
(Font)              Font shape `T1/EBGaramond-LF/bold/n' tried instead on input line 43.
LaTeX Font Info:    Font shape `T1/EBGaramond-LF/bold/n' will be
(Font)              scaled to size 24.88pt on input line 43.
LaTeX Font Info:    Trying to load font information for T1+cmtt on input line 54.
>>>>>>> Stashed changes
 (C:\Users\91633\AppData\Local\Programs\MiKTeX\tex/latex/base\t1cmtt.fd
File: t1cmtt.fd 2019/12/16 v2.5j Standard LaTeX font definitions
)
LaTeX Font Info:    Font shape `T1/EBGaramond-LF/m/n' in size <14.4> not available
<<<<<<< Updated upstream
(Font)              Font shape `T1/EBGaramond-LF/regular/n' tried instead on input line 67.
LaTeX Font Info:    Font shape `T1/EBGaramond-LF/regular/n' will be
(Font)              scaled to size 14.4pt on input line 67.
LaTeX Font Info:    Font shape `T1/EBGaramond-LF/b/n' in size <14.4> not available
(Font)              Font shape `T1/EBGaramond-LF/bold/n' tried instead on input line 67.
LaTeX Font Info:    Font shape `T1/EBGaramond-LF/bold/n' will be
(Font)              scaled to size 14.4pt on input line 67.
LaTeX Font Info:    Font shape `T1/EBGaramond-LF/b/n' in size <10> not available
(Font)              Font shape `T1/EBGaramond-LF/bold/n' tried instead on input line 70.
LaTeX Font Info:    Font shape `T1/EBGaramond-LF/bold/n' will be
(Font)              scaled to size 10.0pt on input line 70.
LaTeX Font Info:    Trying to load font information for TS1+EBGaramond-LF on input line 83.
=======
(Font)              Font shape `T1/EBGaramond-LF/regular/n' tried instead on input line 69.
LaTeX Font Info:    Font shape `T1/EBGaramond-LF/regular/n' will be
(Font)              scaled to size 14.4pt on input line 69.
LaTeX Font Info:    Font shape `T1/EBGaramond-LF/b/n' in size <14.4> not available
(Font)              Font shape `T1/EBGaramond-LF/bold/n' tried instead on input line 69.
LaTeX Font Info:    Font shape `T1/EBGaramond-LF/bold/n' will be
(Font)              scaled to size 14.4pt on input line 69.
LaTeX Font Info:    Font shape `T1/EBGaramond-LF/b/n' in size <10> not available
(Font)              Font shape `T1/EBGaramond-LF/bold/n' tried instead on input line 72.
LaTeX Font Info:    Font shape `T1/EBGaramond-LF/bold/n' will be
(Font)              scaled to size 10.0pt on input line 72.
LaTeX Font Info:    Font shape `T1/EBGaramond-LF/m/n' in size <7> not available
(Font)              Font shape `T1/EBGaramond-LF/regular/n' tried instead on input line 85.
LaTeX Font Info:    Font shape `T1/EBGaramond-LF/regular/n' will be
(Font)              scaled to size 7.0pt on input line 85.
LaTeX Font Info:    Font shape `T1/EBGaramond-LF/m/n' in size <8> not available
(Font)              Font shape `T1/EBGaramond-LF/regular/n' tried instead on input line 85.
LaTeX Font Info:    Font shape `T1/EBGaramond-LF/regular/n' will be
(Font)              scaled to size 8.0pt on input line 85.
LaTeX Font Info:    Font shape `T1/EBGaramond-LF/m/n' in size <6> not available
(Font)              Font shape `T1/EBGaramond-LF/regular/n' tried instead on input line 85.
LaTeX Font Info:    Font shape `T1/EBGaramond-LF/regular/n' will be
(Font)              scaled to size 6.0pt on input line 85.
LaTeX Font Info:    Font shape `T1/EBGaramond-LF/b/n' in size <8> not available
(Font)              Font shape `T1/EBGaramond-LF/bold/n' tried instead on input line 85.
LaTeX Font Info:    Font shape `T1/EBGaramond-LF/bold/n' will be
(Font)              scaled to size 8.0pt on input line 85.
LaTeX Font Info:    Trying to load font information for TS1+EBGaramond-LF on input line 93.
>>>>>>> Stashed changes
 (C:\Users\91633\AppData\Local\Programs\MiKTeX\tex/latex/ebgaramond\ts1ebgaramond-lf.fd
File: TS1EBGaramond-LF.fd 2019/10/22 (autoinst) Font definitions for TS1/EBGaramond-LF.
)
LaTeX Font Info:    Font shape `TS1/EBGaramond-LF/m/n' in size <10> not available
<<<<<<< Updated upstream
(Font)              Font shape `TS1/EBGaramond-LF/regular/n' tried instead on input line 83.
LaTeX Font Info:    Font shape `TS1/EBGaramond-LF/regular/n' will be
(Font)              scaled to size 10.0pt on input line 83.
 [1

{C:/Users/91633/AppData/Local/MiKTeX/fonts/map/pdftex/pdftex.map}]
LaTeX Font Info:    Font shape `T1/EBGaramond-LF/m/sl' in size <10> not available
(Font)              Font shape `T1/EBGaramond-LF/regular/sl' tried instead on input line 148.
LaTeX Font Info:    Font shape `T1/EBGaramond-LF/regular/sl' in size <10> not available
(Font)              Font shape `T1/EBGaramond-LF/regular/it' tried instead on input line 148.
LaTeX Font Info:    Font shape `T1/EBGaramond-LF/regular/it' will be
(Font)              scaled to size 10.0pt on input line 148.
LaTeX Font Info:    Font shape `T1/EBGaramond-LF/b/sl' in size <10> not available
(Font)              Font shape `T1/EBGaramond-LF/bold/sl' tried instead on input line 148.
LaTeX Font Info:    Font shape `T1/EBGaramond-LF/bold/sl' in size <10> not available
(Font)              Font shape `T1/EBGaramond-LF/bold/it' tried instead on input line 148.
LaTeX Font Info:    Font shape `T1/EBGaramond-LF/bold/it' will be
(Font)              scaled to size 10.0pt on input line 148.
 [2] (CV_Eng.aux)
Package rerunfilecheck Info: File `CV_Eng.out' has not changed.
(rerunfilecheck)             Checksum: D41D8CD98F00B204E9800998ECF8427E;0.
 ) 
Here is how much of TeX's memory you used:
 11894 strings out of 475385
 189414 string characters out of 2776906
 555800 words of memory out of 3000000
 33079 multiletter control sequences out of 15000+600000
 528766 words of font info for 44 fonts, out of 8000000 for 9000
 1141 hyphenation exceptions out of 8191
 72i,5n,77p,401b,584s stack positions out of 10000i,1000n,20000p,200000b,80000s
{C:/Users/91633/AppData/Local/Programs/MiKTeX/fonts/enc/dvips/ebgaramond/ebgm_utfkrl.enc}{C:/Users/91633/AppData/Local/Programs/MiKTeX/fonts/enc/dvips/ebgaramond/ebgm_ld6df2.enc} <C:\Users\91633\AppData\Local\MiKTeX\fonts/pk/ljfour/jknappen/ec/dpi600\ectt1000.pk>{C:/Users/91633/AppData/Local/Programs/MiKTeX/fonts/enc/dvips/ebgaramond/ebgm_ldtcgl.enc}<C:/Users/91633/AppData/Local/Programs/MiKTeX/fonts/type1/public/ebgaramond/EBGaramond-Bold.pfb><C:/Users/91633/AppData/Local/Programs/MiKTeX/fonts/type1/public/ebgaramond/EBGaramond-BoldItalic.pfb><C:/Users/91633/AppData/Local/Programs/MiKTeX/fonts/type1/public/ebgaramond/EBGaramond-Regular.pfb>
Output written on CV_Eng.pdf (2 pages, 314900 bytes).
PDF statistics:
 63 PDF objects out of 1000 (max. 8388607)
 7 named destinations out of 1000 (max. 500000)
=======
(Font)              Font shape `TS1/EBGaramond-LF/regular/n' tried instead on input line 93.
LaTeX Font Info:    Font shape `TS1/EBGaramond-LF/regular/n' will be
(Font)              scaled to size 10.0pt on input line 93.
 [1

{C:/Users/91633/AppData/Local/MiKTeX/fonts/map/pdftex/pdftex.map}]
LaTeX Font Info:    Font shape `T1/EBGaramond-LF/m/it' in size <10> not available
(Font)              Font shape `T1/EBGaramond-LF/regular/it' tried instead on input line 125.
LaTeX Font Info:    Font shape `T1/EBGaramond-LF/regular/it' will be
(Font)              scaled to size 10.0pt on input line 125.


e:/Documents and stuff/Important Documents/CV/My-CV/CV Eng/CV_Eng.tex:138: LaTeX Error: \caption outside float.

See the LaTeX manual or LaTeX Companion for explanation.
Type  H <return>  for immediate help.
 ...                                              
                                                  
l.138     \caption
                  {}
You're in trouble here.  Try typing  <return>  to proceed.
If that doesn't work, type  X <return>  to quit.

LaTeX Font Info:    Font shape `T1/EBGaramond-LF/m/sl' in size <10> not available
(Font)              Font shape `T1/EBGaramond-LF/regular/sl' tried instead on input line 154.
LaTeX Font Info:    Font shape `T1/EBGaramond-LF/regular/sl' in size <10> not available
(Font)              Font shape `T1/EBGaramond-LF/regular/it' tried instead on input line 154.
LaTeX Font Info:    Font shape `T1/EBGaramond-LF/regular/it' will be
(Font)              scaled to size 10.0pt on input line 154.
LaTeX Font Info:    Font shape `T1/EBGaramond-LF/b/sl' in size <10> not available
(Font)              Font shape `T1/EBGaramond-LF/bold/sl' tried instead on input line 154.
LaTeX Font Info:    Font shape `T1/EBGaramond-LF/bold/sl' in size <10> not available
(Font)              Font shape `T1/EBGaramond-LF/bold/it' tried instead on input line 154.
LaTeX Font Info:    Font shape `T1/EBGaramond-LF/bold/it' will be
(Font)              scaled to size 10.0pt on input line 154.
[2] (CV_Eng.aux)

Package rerunfilecheck Warning: File `CV_Eng.out' has changed.
(rerunfilecheck)                Rerun to get outlines right
(rerunfilecheck)                or use package `bookmark'.

Package rerunfilecheck Info: Checksums for `CV_Eng.out':
(rerunfilecheck)             Before: <no file>
(rerunfilecheck)             After:  D41D8CD98F00B204E9800998ECF8427E;0.
 ) 
Here is how much of TeX's memory you used:
 11942 strings out of 475385
 190122 string characters out of 2776906
 558735 words of memory out of 3000000
 33112 multiletter control sequences out of 15000+600000
 557499 words of font info for 63 fonts, out of 8000000 for 9000
 1141 hyphenation exceptions out of 8191
 72i,8n,77p,1507b,478s stack positions out of 10000i,1000n,20000p,200000b,80000s
{C:/Users/91633/AppData/Local/Programs/MiKTeX/fonts/enc/dvips/ebgaramond/ebgm_utfkrl.enc}{C:/Users/91633/AppData/Local/Programs/MiKTeX/fonts/enc/dvips/ebgaramond/ebgm_ld6df2.enc} <C:\Users\91633\AppData\Local\MiKTeX\fonts/pk/ljfour/jknappen/ec/dpi600\ectt1000.pk>{C:/Users/91633/AppData/Local/Programs/MiKTeX/fonts/enc/dvips/ebgaramond/ebgm_ldtcgl.enc}<C:/Users/91633/AppData/Local/Programs/MiKTeX/fonts/type1/public/ebgaramond/EBGaramond-Bold.pfb><C:/Users/91633/AppData/Local/Programs/MiKTeX/fonts/type1/public/ebgaramond/EBGaramond-BoldItalic.pfb><C:/Users/91633/AppData/Local/Programs/MiKTeX/fonts/type1/public/ebgaramond/EBGaramond-Italic.pfb><C:/Users/91633/AppData/Local/Programs/MiKTeX/fonts/type1/public/ebgaramond/EBGaramond-Regular.pfb>
Output written on CV_Eng.pdf (2 pages, 406559 bytes).
PDF statistics:
 79 PDF objects out of 1000 (max. 8388607)
 13 named destinations out of 1000 (max. 500000)
>>>>>>> Stashed changes
 1 words of extra memory for PDF output out of 10000 (max. 10000000)

